Starting org.bukkit.craftbukkit.Main
*** Warning, you've not updated in a while! ***
*** Please download a new build from https://papermc.io/downloads/paper ***
2025-08-19T04:45:32.261018929Z ServerMain WARN Advanced terminal features are not available in this environment
[04:45:33 INFO]: [bootstrap] Running Java 21 (OpenJDK 64-Bit Server VM 21.0.8+9-LTS; Eclipse Adoptium Temurin-21.0.8+9) on Linux 6.11.0-1018-azure (amd64)
[04:45:33 INFO]: [bootstrap] Loading Paper 1.21.5-114-ver/1.21.5@a1b3058 (2025-06-18T10:59:02Z) for Minecraft 1.21.5
[04:45:34 INFO]: [PluginInitializerManager] Initializing plugins...
[04:45:34 INFO]: [PluginInitializerManager] Initialized 0 plugins
[04:45:40 INFO]: Environment: Environment[sessionHost=https://sessionserver.mojang.com, servicesHost=https://api.minecraftservices.com, name=PROD]
[04:45:42 INFO]: Loaded 1373 recipes
[04:45:42 INFO]: Loaded 1484 advancements
[04:45:42 INFO]: Starting minecraft server version 1.21.5
[04:45:42 INFO]: Loading properties
[04:45:42 INFO]: This server is running Paper version 1.21.5-114-ver/1.21.5@a1b3058 (2025-06-18T10:59:02Z) (Implementing API version 1.21.5-R0.1-SNAPSHOT)
[04:45:42 INFO]: [spark] This server bundles the spark profiler. For more information please visit https://docs.papermc.io/paper/profiling
[04:45:42 INFO]: Server Ping Player Sample Count: 12
[04:45:42 INFO]: Using 4 threads for Netty based IO
[04:45:43 INFO]: [MoonriseCommon] Paper is using 1 worker threads, 1 I/O threads
[04:45:43 INFO]: [ChunkTaskScheduler] Chunk system is using population gen parallelism: true
[04:45:43 INFO]: Default game type: SURVIVAL
[04:45:43 INFO]: Generating keypair
[04:45:44 INFO]: Starting Minecraft server on *:25565
[04:45:44 INFO]: Using epoll channel type
[04:45:44 INFO]: Paper: Using libdeflate (Linux x86_64) compression from Velocity.
[04:45:44 INFO]: Paper: Using OpenSSL 3.x.x (Linux x86_64) cipher from Velocity.
[04:45:44 INFO]: Server permissions file permissions.yml is empty, ignoring it
[04:45:44 WARN]: **** SERVER IS RUNNING IN OFFLINE/INSECURE MODE!
[04:45:44 WARN]: The server will make no attempt to authenticate usernames. Beware.
[04:45:44 WARN]: While this makes the game possible to play without internet access, it also opens up the ability for hackers to connect with any username they choose.
[04:45:44 WARN]: To change this, set "online-mode" to "true" in the server.properties file.
[04:45:44 INFO]: Preparing level "world"
[04:45:44 INFO]: Preparing start region for dimension minecraft:overworld
[04:45:44 INFO]: Preparing spawn area: 0%
[04:45:45 INFO]: Preparing spawn area: 0%
[04:45:45 INFO]: Time elapsed: 863 ms
[04:45:45 INFO]: Preparing start region for dimension minecraft:the_nether
[04:45:45 INFO]: Preparing spawn area: 0%
[04:45:45 INFO]: Time elapsed: 222 ms
[04:45:45 INFO]: Preparing start region for dimension minecraft:the_end
[04:45:45 INFO]: Preparing spawn area: 0%
[04:45:45 INFO]: Time elapsed: 133 ms
[04:45:46 INFO]: [spark] Starting background profiler...
[04:45:47 INFO]: Done preparing level "world" (3.065s)
[04:45:47 INFO]: Running delayed init tasks
[04:45:47 INFO]: Done (16.320s)! For help, type "help"
