[01:20:25] [ServerMain/INFO]: [bootstrap] Running Java 21 (OpenJDK 64-Bit Server VM 21.0.8+9-LTS; Eclipse Adoptium Temurin-21.0.8+9) on Linux 6.11.0-1018-azure (amd64)
[01:20:25] [ServerMain/INFO]: [bootstrap] Loading Paper 1.21.5-114-ver/1.21.5@a1b3058 (2025-06-18T10:59:02Z) for Minecraft 1.21.5
[01:20:26] [ServerMain/INFO]: [PluginInitializerManager] Initializing plugins...
[01:20:26] [ServerMain/INFO]: [PluginInitializerManager] Initialized 1 plugin
[01:20:26] [ServerMain/INFO]: [PluginInitializerManager] Bukkit plugins (1):
 - SkinsRestorer (15.7.9)
[01:20:31] [ServerMain/INFO]: Environment: Environment[sessionHost=https://sessionserver.mojang.com, servicesHost=https://api.minecraftservices.com, name=PROD]
[01:20:33] [ServerMain/INFO]: Loaded 1373 recipes
[01:20:33] [ServerMain/INFO]: Loaded 1484 advancements
[01:20:33] [Server thread/INFO]: Starting minecraft server version 1.21.5
[01:20:33] [Server thread/INFO]: Loading properties
[01:20:33] [Server thread/INFO]: This server is running Paper version 1.21.5-114-ver/1.21.5@a1b3058 (2025-06-18T10:59:02Z) (Implementing API version 1.21.5-R0.1-SNAPSHOT)
[01:20:33] [Server thread/INFO]: [spark] This server bundles the spark profiler. For more information please visit https://docs.papermc.io/paper/profiling
[01:20:34] [Server thread/INFO]: Server Ping Player Sample Count: 12
[01:20:34] [Server thread/INFO]: Using 4 threads for Netty based IO
[01:20:34] [Server thread/INFO]: [MoonriseCommon] Paper is using 1 worker threads, 1 I/O threads
[01:20:34] [Server thread/INFO]: [ChunkTaskScheduler] Chunk system is using population gen parallelism: true
[01:20:35] [Server thread/INFO]: Default game type: SURVIVAL
[01:20:35] [Server thread/INFO]: Generating keypair
[01:20:35] [Server thread/INFO]: Starting Minecraft server on *:25565
[01:20:35] [Server thread/INFO]: Using epoll channel type
[01:20:35] [Server thread/INFO]: Paper: Using libdeflate (Linux x86_64) compression from Velocity.
[01:20:35] [Server thread/INFO]: Paper: Using OpenSSL 3.x.x (Linux x86_64) cipher from Velocity.
[01:20:35] [Server thread/INFO]: [SkinsRestorer] Loading server plugin SkinsRestorer v15.7.9
[01:20:35] [Server thread/INFO]: Server permissions file permissions.yml is empty, ignoring it
[01:20:35] [Server thread/INFO]: [SkinsRestorer] Enabling SkinsRestorer v15.7.9
[01:20:36] [Server thread/INFO]: [SkinsRestorer] Running on Minecraft 1.21.5.
[01:20:36] [Server thread/INFO]: [SkinsRestorer] Using paper join listener!
[01:20:36] [Server thread/WARN]: **** SERVER IS RUNNING IN OFFLINE/INSECURE MODE!
[01:20:36] [Server thread/WARN]: The server will make no attempt to authenticate usernames. Beware.
[01:20:36] [Server thread/WARN]: While this makes the game possible to play without internet access, it also opens up the ability for hackers to connect with any username they choose.
[01:20:36] [Server thread/WARN]: To change this, set "online-mode" to "true" in the server.properties file.
[01:20:36] [Server thread/INFO]: Preparing level "world"
[01:20:37] [Folia Async Scheduler Thread #1/INFO]: [SkinsRestorer] ----------------------------------------------
[01:20:37] [Folia Async Scheduler Thread #1/INFO]: [SkinsRestorer]     +==================+
[01:20:37] [Folia Async Scheduler Thread #1/INFO]: [SkinsRestorer]     |   SkinsRestorer  |
[01:20:37] [Folia Async Scheduler Thread #1/INFO]: [SkinsRestorer]     |------------------|
[01:20:37] [Folia Async Scheduler Thread #1/INFO]: [SkinsRestorer]     |  Standalone Mode |
[01:20:37] [Folia Async Scheduler Thread #1/INFO]: [SkinsRestorer]     +==================+
[01:20:37] [Folia Async Scheduler Thread #1/INFO]: [SkinsRestorer] ----------------------------------------------
[01:20:37] [Folia Async Scheduler Thread #1/INFO]: [SkinsRestorer]     Version: 15.7.9
[01:20:37] [Folia Async Scheduler Thread #1/INFO]: [SkinsRestorer]     Commit: eb4ae0c
[01:20:37] [Folia Async Scheduler Thread #1/INFO]: [SkinsRestorer]     This is the latest version!
[01:20:37] [Folia Async Scheduler Thread #1/INFO]: [SkinsRestorer] ----------------------------------------------
[01:20:37] [Folia Async Scheduler Thread #1/INFO]: [SkinsRestorer] Do you have issues? Read our troubleshooting guide: https://skinsrestorer.net/docs/troubleshooting
[01:20:37] [Folia Async Scheduler Thread #1/INFO]: [SkinsRestorer] Want to support SkinsRestorer? Consider donating: https://skinsrestorer.net/donate
[01:20:37] [Server thread/INFO]: Preparing start region for dimension minecraft:overworld
[01:20:37] [Server thread/INFO]: Preparing spawn area: 0%
[01:20:37] [Server thread/INFO]: Preparing spawn area: 0%
[01:20:38] [Server thread/INFO]: Preparing spawn area: 0%
[01:20:38] [Server thread/INFO]: Time elapsed: 1013 ms
[01:20:38] [Server thread/INFO]: Preparing start region for dimension minecraft:the_nether
[01:20:38] [Server thread/INFO]: Preparing spawn area: 0%
[01:20:38] [Server thread/INFO]: Time elapsed: 268 ms
[01:20:38] [Server thread/INFO]: Preparing start region for dimension minecraft:the_end
[01:20:38] [Server thread/INFO]: Preparing spawn area: 0%
[01:20:38] [Server thread/INFO]: Time elapsed: 129 ms
[01:20:39] [Server thread/INFO]: [spark] Starting background profiler...
[01:20:39] [Server thread/INFO]: Done preparing level "world" (2.710s)
[01:20:39] [Server thread/INFO]: Running delayed init tasks
[01:20:39] [Server thread/INFO]: Done (15.645s)! For help, type "help"
[01:34:46] [User Authenticator #0/INFO]: UUID of player Player5 is abd58e08-2462-379a-81f3-fa94df810a52
[01:34:47] [Server thread/INFO]: Player5 joined the game
[01:34:47] [Server thread/INFO]: Player5[/127.114.102.240:51461] logged in with entity id 84 at ([world]-45.573661616365804, 74.0, 55.699571378728564)
[01:51:43] [Server thread/INFO]: Player5 was shot by Skeleton
[01:52:53] [Server thread/INFO]: Player5 was slain by Zombie
[01:53:44] [Server thread/INFO]: Player5 was doomed to fall by Skeleton
[02:14:18] [Server thread/INFO]: Player5 was slain by Zombie
[02:31:40] [Server thread/INFO]: Player5 was slain by Spider
[02:32:04] [Server thread/INFO]: Player5 was slain by Spider
[02:32:17] [Server thread/INFO]: Player5 was slain by Spider
[02:33:23] [Server thread/INFO]: Player5 was shot by Skeleton
[02:33:48] [Server thread/INFO]: Player5 was shot by Skeleton
[02:34:27] [Server thread/INFO]: Player5 was slain by Zombie
[02:34:59] [Server thread/INFO]: Player5 was slain by Zombie
[02:35:30] [Server thread/INFO]: Player5 was slain by Zombie
[02:35:47] [Server thread/INFO]: Player5 was slain by Zombie
[02:36:14] [Server thread/INFO]: Player5 was slain by Zombie
[03:14:10] [Server thread/INFO]: Player5 lost connection: Timed out
[03:14:10] [Server thread/INFO]: Player5 left the game
[03:15:40] [User Authenticator #1/INFO]: UUID of player Player5 is abd58e08-2462-379a-81f3-fa94df810a52
[03:15:41] [Server thread/INFO]: Player5 joined the game
[03:15:41] [Server thread/INFO]: Player5[/127.18.255.34:36403] logged in with entity id 10354 at ([world]-46.7, 72.0, 50.61924607508312)
[03:32:08] [Server thread/INFO]: Player5 was slain by Zombie
[03:32:27] [Server thread/INFO]: Player5 was slain by Zombie
[03:33:02] [Server thread/INFO]: Player5 was slain by Zombie
[03:33:13] [Server thread/INFO]: Player5 was slain by Zombie
[03:33:40] [Server thread/INFO]: Player5 was slain by Zombie
[03:33:51] [Server thread/INFO]: Player5 was slain by Zombie
[03:34:00] [Server thread/INFO]: Player5 was slain by Zombie
[03:34:20] [Server thread/INFO]: Player5 was slain by Zombie
[03:35:07] [Server thread/INFO]: Player5 was slain by Zombie
[03:35:49] [Server thread/INFO]: Player5 was slain by Zombie
[03:36:32] [Server thread/INFO]: Player5 was slain by Zombie
[03:36:49] [Server thread/INFO]: Player5 was shot by Skeleton
[03:37:25] [Server thread/INFO]: Player5 was shot by Skeleton
[03:38:07] [Server thread/INFO]: Player5 was shot by Skeleton
[03:38:52] [Server thread/INFO]: Player5 was slain by Zombie
[03:51:44] [Server thread/INFO]: Player5 was slain by Zombie
[03:52:36] [Server thread/INFO]: Player5 was slain by Zombie
[03:53:24] [Server thread/INFO]: Player5 was slain by Zombie
[03:54:06] [Server thread/INFO]: Player5 was doomed to fall by Skeleton
[03:54:36] [Server thread/INFO]: Player5 was shot by Skeleton
[03:55:45] [Server thread/INFO]: Player5 was slain by Zombie
[03:58:13] [Server thread/INFO]: Player5 was slain by Zombie
[04:07:02] [Server thread/INFO]: Player5 drowned
[04:10:28] [Server thread/INFO]: Player5 was shot by Skeleton
[04:11:04] [Server thread/INFO]: Player5 was shot by Skeleton
[04:14:21] [Server thread/INFO]: Player5 was shot by Skeleton
[04:16:17] [Server thread/INFO]: Player5 was slain by Zombie
[04:17:03] [Server thread/INFO]: Player5 was slain by Zombie
[04:18:13] [Server thread/INFO]: Player5 was slain by Zombie
[04:18:37] [Server thread/INFO]: Player5 was slain by Zombie
[04:19:08] [Server thread/INFO]: Player5 was slain by Zombie
[04:19:22] [Server thread/INFO]: Player5 was slain by Zombie
[04:21:11] [Server thread/INFO]: Player5 was slain by Zombie
[04:22:12] [Server thread/INFO]: Player5 was slain by Zombie
[04:22:53] [Server thread/INFO]: Player5 was slain by Zombie
[04:32:59] [Server thread/INFO]: Player5 was slain by Zombie
[04:34:27] [Server thread/INFO]: Player5 was slain by Spider
[04:34:53] [Server thread/INFO]: Player5 was slain by Zombie
[04:35:44] [Server thread/INFO]: Player5 was blown up by Creeper
[04:36:22] [Server thread/INFO]: Player5 was shot by Skeleton
[04:37:44] [Server thread/INFO]: Player5 was shot by Skeleton
[04:40:37] [Server thread/INFO]: Player5 was shot by Skeleton
[04:58:10] [Server thread/INFO]: Player5 was shot by Skeleton
[05:10:31] [Server thread/INFO]: Player5 was shot by Skeleton
[05:11:19] [Server thread/INFO]: Player5 was shot by Skeleton
[05:13:04] [Server thread/INFO]: Player5 was shot by Skeleton
[05:15:12] [Server thread/INFO]: Player5 was shot by Skeleton
[05:15:42] [Server thread/INFO]: Player5 was slain by Zombie
[05:16:59] [Server thread/INFO]: Player5 was slain by Zombie
[05:17:24] [Server thread/INFO]: Player5 was slain by Zombie
[05:18:14] [Server thread/INFO]: Player5 was slain by Zombie
[05:19:24] [Server thread/INFO]: Player5 was shot by Skeleton
[05:35:11] [Server thread/INFO]: Player5 was slain by Zombie
[05:55:31] [Server thread/INFO]: Player5 was shot by Skeleton
[05:56:00] [Server thread/INFO]: Player5 was slain by Spider
[05:56:31] [Server thread/INFO]: Player5 was slain by Spider
[06:10:46] [Server thread/INFO]: Player5 was slain by Zombie
[06:10:59] [Server thread/INFO]: Player5 was slain by Zombie
[06:12:25] [Server thread/INFO]: Player5 was shot by Skeleton
[06:13:43] [Server thread/INFO]: Player5 was slain by Zombie
[06:14:36] [Server thread/INFO]: Player5 was slain by Zombie
[06:15:59] [Server thread/INFO]: Player5 was slain by Zombie
[06:16:16] [Server thread/INFO]: Player5 was slain by Zombie
[06:16:48] [Server thread/INFO]: Player5 was slain by Zombie
[06:17:26] [Server thread/INFO]: Player5 was slain by Zombie
[06:17:57] [Server thread/INFO]: Player5 was slain by Zombie
[06:18:09] [Server thread/INFO]: Player5 was slain by Zombie
[06:18:34] [Server thread/WARN]: Player5 moved too quickly! 1.4868550300598145,254437.4059749985,1.722680926322937
[06:18:42] [Server thread/INFO]: Player5 was slain by Spider
[06:20:21] [Server thread/INFO]: Stopping server
[06:20:21] [Server thread/INFO]: [SkinsRestorer] Disabling SkinsRestorer v15.7.9
[06:20:21] [Server thread/INFO]: Saving players
[06:20:21] [Server thread/INFO]: Player5 lost connection: Server closed
[06:20:21] [Server thread/INFO]: Player5 left the game
[06:20:22] [Server thread/INFO]: Saving worlds
[06:20:22] [Server thread/INFO]: Saving chunks for level 'ServerLevel[world]'/minecraft:overworld
[06:20:22] [Server thread/INFO]: [ChunkHolderManager] Waiting 60s for chunk system to halt for world 'world'
[06:20:22] [Server thread/INFO]: [ChunkHolderManager] Halted chunk system for world 'world'
[06:20:22] [Server thread/INFO]: [ChunkHolderManager] Saving all chunkholders for world 'world'
[06:20:22] [Server thread/INFO]: [ChunkHolderManager] Saved 15 block chunks, 103 entity chunks, 0 poi chunks in world 'world' in 0.04s
[06:20:22] [Server thread/INFO]: [ChunkHolderManager] Waiting 60s for chunk I/O to halt for world 'world'
[06:20:22] [Server thread/INFO]: [ChunkHolderManager] Halted I/O scheduler for world 'world'
[06:20:22] [Server thread/INFO]: Saving chunks for level 'ServerLevel[world_nether]'/minecraft:the_nether
[06:20:22] [Server thread/INFO]: [ChunkHolderManager] Waiting 60s for chunk system to halt for world 'world_nether'
[06:20:22] [Server thread/INFO]: [ChunkHolderManager] Halted chunk system for world 'world_nether'
[06:20:22] [Server thread/INFO]: [ChunkHolderManager] Saving all chunkholders for world 'world_nether'
[06:20:22] [Server thread/INFO]: [ChunkHolderManager] Saved 0 block chunks, 1 entity chunks, 0 poi chunks in world 'world_nether' in 0.00s
[06:20:22] [Server thread/INFO]: [ChunkHolderManager] Waiting 60s for chunk I/O to halt for world 'world_nether'
[06:20:22] [Server thread/INFO]: [ChunkHolderManager] Halted I/O scheduler for world 'world_nether'
[06:20:22] [Server thread/INFO]: Saving chunks for level 'ServerLevel[world_the_end]'/minecraft:the_end
[06:20:22] [Server thread/INFO]: [ChunkHolderManager] Waiting 60s for chunk system to halt for world 'world_the_end'
[06:20:22] [Server thread/INFO]: [ChunkHolderManager] Halted chunk system for world 'world_the_end'
[06:20:22] [Server thread/INFO]: [ChunkHolderManager] Saving all chunkholders for world 'world_the_end'
[06:20:22] [Server thread/INFO]: [ChunkHolderManager] Saved 0 block chunks, 10 entity chunks, 0 poi chunks in world 'world_the_end' in 0.00s
[06:20:22] [Server thread/INFO]: [ChunkHolderManager] Waiting 60s for chunk I/O to halt for world 'world_the_end'
[06:20:22] [Server thread/INFO]: [ChunkHolderManager] Halted I/O scheduler for world 'world_the_end'
[06:20:22] [Server thread/INFO]: ThreadedAnvilChunkStorage (world): All chunks are saved
[06:20:22] [Server thread/INFO]: ThreadedAnvilChunkStorage (DIM-1): All chunks are saved
[06:20:22] [Server thread/INFO]: ThreadedAnvilChunkStorage (DIM1): All chunks are saved
[06:20:22] [Server thread/INFO]: ThreadedAnvilChunkStorage: All dimensions are saved
[06:20:22] [Server thread/INFO]: Waiting for all RegionFile I/O tasks to complete...
[06:20:22] [Server thread/INFO]: All RegionFile I/O tasks to complete
[06:20:22] [Server thread/INFO]: [MoonriseCommon] Awaiting termination of worker pool for up to 60s...
[06:20:22] [Server thread/INFO]: [MoonriseCommon] Awaiting termination of I/O pool for up to 60s...
